7784
52533
9068
2902
8104
7065
1277
9477
58469
9508
7892
5721
88897
43116
9247
13251
5319
12111
63966
15673
94426
69743
91201
58034
16724
6835
8514
9617
9795
6945
21122
92865
3838
6249
56071
97995
9876
9376
38295
3311
63231
73405
74284
81149
8488
91334
2467
66238
76434
63035
42436
7941
2841
7552
6771
3158
25552
5449
75032
5227
8549
2006
48385
2627
9734
4464
41794
79187
9617
8446
2409
3879
40962
23099
85749
26327
1472
79734
2606
17256
4897
4979
9457
44647
7159
70643
77716
7023
47992
4155
14127
13498
9618
6433
58422
53938
5399
61674
73887
1161
